TN:
SF:src/config/dataBase.ts
FN:11,connectDb
FNF:1
FNH:1
FNDA:1,connectDb
DA:1,1
DA:2,1
DA:4,1
DA:6,1
DA:7,1
DA:9,1
DA:11,1
DA:12,1
DA:13,0
DA:16,1
DA:17,1
DA:18,1
DA:19,1
DA:21,1
DA:24,0
LF:15
LH:13
BRDA:12,0,0,0
BRF:1
BRH:0
end_of_record
TN:
SF:src/repositories/productsRepository.ts
FN:5,connectToDb
FN:9,getLastTimeUpdateDb
FN:14,updateProduct
FN:19,updateStatusToTrash
FN:24,getProductByCode
FN:29,getAllProducts
FNF:6
FNH:1
FNDA:0,connectToDb
FNDA:0,getLastTimeUpdateDb
FNDA:0,updateProduct
FNDA:1,updateStatusToTrash
FNDA:0,getProductByCode
FNDA:0,getAllProducts
DA:2,1
DA:6,0
DA:10,0
DA:11,0
DA:15,0
DA:16,0
DA:20,1
DA:21,1
DA:25,0
DA:26,0
DA:30,0
DA:31,0
DA:36,1
LF:13
LH:4
BRF:0
BRH:0
end_of_record
TN:
SF:src/services/productsServices.ts
FN:5,verifyConnectionDb
FN:11,lastUpdate
FN:17,performanceNode
FN:23,callUpdateProductDb
FN:28,callUpdateDbStatus
FN:33,callGetProduct
FN:39,callGetAllProducts
FNF:7
FNH:7
FNDA:2,verifyConnectionDb
FNDA:2,lastUpdate
FNDA:1,performanceNode
FNDA:2,callUpdateProductDb
FNDA:5,callUpdateDbStatus
FNDA:1,callGetProduct
FNDA:2,callGetAllProducts
DA:2,1
DA:3,1
DA:6,2
DA:7,2
DA:8,1
DA:12,2
DA:13,2
DA:14,1
DA:18,1
DA:19,1
DA:20,1
DA:24,2
DA:25,2
DA:29,5
DA:30,5
DA:34,1
DA:35,1
DA:36,1
DA:40,2
DA:41,2
DA:42,1
DA:45,1
LF:22
LH:22
BRDA:7,0,0,1
BRDA:13,1,0,1
BRDA:25,2,0,1
BRDA:30,3,0,3
BRDA:35,4,0,0
BRDA:41,5,0,1
BRF:6
BRH:5
end_of_record
TN:
SF:src/utils/errors.ts
FN:1,notFound
FNF:1
FNH:1
FNDA:6,notFound
DA:2,6
DA:9,1
LF:2
LH:2
BRF:0
BRH:0
end_of_record
TN:
SF:tests/factory/unitFactory.ts
FNF:0
FNH:0
DA:3,1
DA:30,1
LF:2
LH:2
BRF:0
BRH:0
end_of_record
